<?xml version="1.0" encoding="UTF-8"?>
<!-- Generated by org.testng.reporters.JUnitReportReporter -->
<testsuite hostname="DESKTOP-9E5ICTO" name="com.crm.qa.testcases.ContactPageTest" tests="1" failures="0" timestamp="11 Dec 2019 18:07:46 GMT" time="22.417" errors="0">
  <testcase name="validateCreateNewContact" time="22.417" classname="com.crm.qa.testcases.ContactPageTest"/>
</testsuite> <!-- com.crm.qa.testcases.ContactPageTest -->
