<?xml version="1.0" encoding="UTF-8"?>
<!-- Generated by org.testng.reporters.JUnitReportReporter -->
<testsuite hostname="DESKTOP-9E5ICTO" name="com.crm.qa.testcases.LoginPageTest" tests="1" failures="0" timestamp="9 Dec 2019 18:27:09 GMT" time="18.620" errors="0">
  <testcase name="loginTest" time="18.620" classname="com.crm.qa.testcases.LoginPageTest"/>
</testsuite> <!-- com.crm.qa.testcases.LoginPageTest -->
