<?xml version="1.0" encoding="UTF-8"?>
<!-- Generated by org.testng.reporters.JUnitReportReporter -->
<testsuite hostname="DESKTOP-9E5ICTO" name="com.crm.qa.testcases.HomePageTest" tests="1" failures="0" timestamp="10 Dec 2019 19:21:50 GMT" time="23.300" errors="0">
  <testcase name="contactlinkClickTest" time="23.300" classname="com.crm.qa.testcases.HomePageTest"/>
</testsuite> <!-- com.crm.qa.testcases.HomePageTest -->
